<?xml version="1.0" encoding="UTF-8"?>
<!-- Generated by org.testng.reporters.JUnitReportReporter -->
<testsuite hostname="Anand" failures="0" tests="1" name="testScripts.SendContactDetailsTest" time="97.048" errors="0" timestamp="2023-05-25T09:46:18 IST" skipped="0">
  <testcase classname="testScripts.SendContactDetailsTest" name="sendContactDetailsTest" time="97.048"/>
  <system-out/>
</testsuite> <!-- testScripts.SendContactDetailsTest -->
