<?xml version="1.0" encoding="UTF-8"?>
<!-- Generated by org.testng.reporters.JUnitReportReporter -->
<testsuite hostname="Anand" failures="0" tests="1" name="testScripts.AddTestingCourseToMyCartTest" time="35.231" errors="0" timestamp="2023-05-25T09:49:35 IST" skipped="0">
  <testcase classname="testScripts.AddTestingCourseToMyCartTest" name="addTestingPythonToCart" time="35.231"/>
  <system-out/>
</testsuite> <!-- testScripts.AddTestingCourseToMyCartTest -->
